<?xml version="1.0" encoding="UTF-8"?>
<robot generator="Robot 7.2.2 (Python 3.10.12 on linux)" generated="2025-03-30T02:30:18.690842" rpa="false" schemaversion="5">
<suite id="s1" name="Tests" source="/home/kirruusa/AI-CTO/tests">
<suite id="s1-s1" name="Robot" source="/home/kirruusa/AI-CTO/tests/robot">
<suite id="s1-s1-s1" name="Inputs" source="/home/kirruusa/AI-CTO/tests/robot/inputs.robot">
<test id="s1-s1-s1-t1" name="User can input text to text-input field" line="6">
<kw name="Open And Configure Browser" owner="resource">
<kw name="Get Chrome Driver" owner="webdriver_manager_keywords">
<msg time="2025-03-30T02:30:18.909720" level="INFO">====== WebDriver manager ======</msg>
<msg time="2025-03-30T02:30:18.993355" level="INFO">Get LATEST chromedriver version for google-chrome</msg>
<msg time="2025-03-30T02:30:19.160895" level="INFO">Get LATEST chromedriver version for google-chrome</msg>
<msg time="2025-03-30T02:30:19.248236" level="INFO">Driver [/home/kirruusa/.wdm/drivers/chromedriver/linux64/134.0.6998.165/chromedriver-linux64/chromedriver] found in cache</msg>
<msg time="2025-03-30T02:30:19.248693" level="INFO">${driver_path} = /home/kirruusa/.wdm/drivers/chromedriver/linux64/134.0.6998.165/chromedriver-linux64/chromedriver</msg>
<var>${driver_path}</var>
<status status="PASS" start="2025-03-30T02:30:18.909487" elapsed="0.339289"/>
</kw>
<kw name="Log" owner="BuiltIn">
<msg time="2025-03-30T02:30:19.249736" level="INFO">Using ChromeDriver at /home/kirruusa/.wdm/drivers/chromedriver/linux64/134.0.6998.165/chromedriver-linux64/chromedriver</msg>
<arg>Using ChromeDriver at ${driver_path}</arg>
<doc>Logs the given message with the given level.</doc>
<status status="PASS" start="2025-03-30T02:30:19.249219" elapsed="0.000647"/>
</kw>
<kw name="Open Browser" owner="SeleniumLibrary">
<msg time="2025-03-30T02:30:19.250922" level="WARN">exexcutable_path is being deprecated. Please use service to configure the driver's executable_path as per documentation.</msg>
<msg time="2025-03-30T02:30:19.251191" level="INFO">Opening browser 'chrome' to base url 'http://127.0.0.1:5000'.</msg>
<arg>${HOME_URL}</arg>
<arg>${BROWSER}</arg>
<arg>executable_path=${driver_path}</arg>
<doc>Opens a new browser instance to the optional ``url``.</doc>
<status status="PASS" start="2025-03-30T02:30:19.250215" elapsed="0.967233"/>
</kw>
<status status="PASS" start="2025-03-30T02:30:18.908691" elapsed="1.308941"/>
</kw>
<kw name="Go To" owner="SeleniumLibrary">
<msg time="2025-03-30T02:30:20.218146" level="INFO">Opening url 'http://127.0.0.1:5000'</msg>
<arg>${HOME_URL}</arg>
<doc>Navigates the current browser window to the provided ``url``.</doc>
<status status="PASS" start="2025-03-30T02:30:20.217886" elapsed="0.086548"/>
</kw>
<kw name="Page Should Contain" owner="SeleniumLibrary">
<msg time="2025-03-30T02:30:20.318764" level="INFO">Current page contains text 'Project Portfolio Visualization Tool'.</msg>
<arg>Project Portfolio Visualization Tool</arg>
<doc>Verifies that current page contains ``text``.</doc>
<status status="PASS" start="2025-03-30T02:30:20.304719" elapsed="0.014188"/>
</kw>
<kw name="Input Text" owner="SeleniumLibrary">
<msg time="2025-03-30T02:30:20.319956" level="INFO">Typing text 'AirBNB for humans and cats' into text field 'id=user-input'.</msg>
<arg>id=user-input</arg>
<arg>AirBNB for humans and cats</arg>
<doc>Types the given ``text`` into the text field identified by ``locator``.</doc>
<status status="PASS" start="2025-03-30T02:30:20.319264" elapsed="0.102593"/>
</kw>
<kw name="Click Button" owner="SeleniumLibrary">
<msg time="2025-03-30T02:30:20.423100" level="INFO">Clicking button 'css:button[type="submit"]'.</msg>
<arg>css:button[type="submit"]</arg>
<doc>Clicks the button identified by ``locator``.</doc>
<status status="PASS" start="2025-03-30T02:30:20.422376" elapsed="0.078511"/>
</kw>
<kw name="Sleep" owner="BuiltIn">
<msg time="2025-03-30T02:30:25.501854" level="INFO">Slept 5 seconds.</msg>
<arg>5</arg>
<doc>Pauses the test executed for the given time.</doc>
<status status="PASS" start="2025-03-30T02:30:20.501312" elapsed="5.000831"/>
</kw>
<kw name="Page Should Contain" owner="SeleniumLibrary">
<msg time="2025-03-30T02:30:25.521411" level="INFO">Current page contains text 'AirBNB for humans and cats'.</msg>
<arg>AirBNB for humans and cats</arg>
<doc>Verifies that current page contains ``text``.</doc>
<status status="PASS" start="2025-03-30T02:30:25.502767" elapsed="0.018931"/>
</kw>
<status status="PASS" start="2025-03-30T02:30:18.907981" elapsed="6.614375"/>
</test>
<status status="PASS" start="2025-03-30T02:30:18.711545" elapsed="6.811911"/>
</suite>
<suite id="s1-s1-s2" name="Pages" source="/home/kirruusa/AI-CTO/tests/robot/pages.robot">
<test id="s1-s1-s2-t1" name="Test Home Page" line="5">
<kw name="Open And Configure Browser" owner="resource">
<kw name="Get Chrome Driver" owner="webdriver_manager_keywords">
<msg time="2025-03-30T02:30:25.528809" level="INFO">====== WebDriver manager ======</msg>
<msg time="2025-03-30T02:30:25.650785" level="INFO">Get LATEST chromedriver version for google-chrome</msg>
<msg time="2025-03-30T02:30:25.766455" level="INFO">Get LATEST chromedriver version for google-chrome</msg>
<msg time="2025-03-30T02:30:25.839152" level="INFO">Driver [/home/kirruusa/.wdm/drivers/chromedriver/linux64/134.0.6998.165/chromedriver-linux64/chromedriver] found in cache</msg>
<msg time="2025-03-30T02:30:25.839588" level="INFO">${driver_path} = /home/kirruusa/.wdm/drivers/chromedriver/linux64/134.0.6998.165/chromedriver-linux64/chromedriver</msg>
<var>${driver_path}</var>
<status status="PASS" start="2025-03-30T02:30:25.528434" elapsed="0.311235"/>
</kw>
<kw name="Log" owner="BuiltIn">
<msg time="2025-03-30T02:30:25.840525" level="INFO">Using ChromeDriver at /home/kirruusa/.wdm/drivers/chromedriver/linux64/134.0.6998.165/chromedriver-linux64/chromedriver</msg>
<arg>Using ChromeDriver at ${driver_path}</arg>
<doc>Logs the given message with the given level.</doc>
<status status="PASS" start="2025-03-30T02:30:25.840053" elapsed="0.000597"/>
</kw>
<kw name="Open Browser" owner="SeleniumLibrary">
<msg time="2025-03-30T02:30:25.841672" level="WARN">exexcutable_path is being deprecated. Please use service to configure the driver's executable_path as per documentation.</msg>
<msg time="2025-03-30T02:30:25.841928" level="INFO">Opening browser 'chrome' to base url 'http://127.0.0.1:5000'.</msg>
<arg>${HOME_URL}</arg>
<arg>${BROWSER}</arg>
<arg>executable_path=${driver_path}</arg>
<doc>Opens a new browser instance to the optional ``url``.</doc>
<status status="PASS" start="2025-03-30T02:30:25.840990" elapsed="0.910996"/>
</kw>
<status status="PASS" start="2025-03-30T02:30:25.527862" elapsed="1.224286"/>
</kw>
<kw name="Go To" owner="SeleniumLibrary">
<msg time="2025-03-30T02:30:26.752668" level="INFO">Opening url 'http://127.0.0.1:5000'</msg>
<arg>${HOME_URL}</arg>
<doc>Navigates the current browser window to the provided ``url``.</doc>
<status status="PASS" start="2025-03-30T02:30:26.752410" elapsed="0.083005"/>
</kw>
<kw name="Page Should Contain" owner="SeleniumLibrary">
<msg time="2025-03-30T02:30:26.850136" level="INFO">Current page contains text 'Welcome to the AI Project Portfolio Visualization Tool. Describe your project idea or upload a PDF to get started.'.</msg>
<arg>Welcome to the AI Project Portfolio Visualization Tool. Describe your project idea or upload a PDF to get started.</arg>
<doc>Verifies that current page contains ``text``.</doc>
<status status="PASS" start="2025-03-30T02:30:26.835762" elapsed="0.014555"/>
</kw>
<status status="PASS" start="2025-03-30T02:30:25.527033" elapsed="1.323641"/>
</test>
<test id="s1-s1-s2-t2" name="User can see main page" line="10">
<kw name="Open And Configure Browser" owner="resource">
<kw name="Get Chrome Driver" owner="webdriver_manager_keywords">
<msg time="2025-03-30T02:30:26.852091" level="INFO">====== WebDriver manager ======</msg>
<msg time="2025-03-30T02:30:26.918948" level="INFO">Get LATEST chromedriver version for google-chrome</msg>
<msg time="2025-03-30T02:30:27.003407" level="INFO">Get LATEST chromedriver version for google-chrome</msg>
<msg time="2025-03-30T02:30:27.087248" level="INFO">Driver [/home/kirruusa/.wdm/drivers/chromedriver/linux64/134.0.6998.165/chromedriver-linux64/chromedriver] found in cache</msg>
<msg time="2025-03-30T02:30:27.087895" level="INFO">${driver_path} = /home/kirruusa/.wdm/drivers/chromedriver/linux64/134.0.6998.165/chromedriver-linux64/chromedriver</msg>
<var>${driver_path}</var>
<status status="PASS" start="2025-03-30T02:30:26.851882" elapsed="0.236110"/>
</kw>
<kw name="Log" owner="BuiltIn">
<msg time="2025-03-30T02:30:27.088898" level="INFO">Using ChromeDriver at /home/kirruusa/.wdm/drivers/chromedriver/linux64/134.0.6998.165/chromedriver-linux64/chromedriver</msg>
<arg>Using ChromeDriver at ${driver_path}</arg>
<doc>Logs the given message with the given level.</doc>
<status status="PASS" start="2025-03-30T02:30:27.088414" elapsed="0.000608"/>
</kw>
<kw name="Open Browser" owner="SeleniumLibrary">
<msg time="2025-03-30T02:30:27.090027" level="WARN">exexcutable_path is being deprecated. Please use service to configure the driver's executable_path as per documentation.</msg>
<msg time="2025-03-30T02:30:27.090366" level="INFO">Opening browser 'chrome' to base url 'http://127.0.0.1:5000'.</msg>
<arg>${HOME_URL}</arg>
<arg>${BROWSER}</arg>
<arg>executable_path=${driver_path}</arg>
<doc>Opens a new browser instance to the optional ``url``.</doc>
<status status="PASS" start="2025-03-30T02:30:27.089348" elapsed="0.939194"/>
</kw>
<status status="PASS" start="2025-03-30T02:30:26.851556" elapsed="1.177166"/>
</kw>
<kw name="Go To" owner="SeleniumLibrary">
<msg time="2025-03-30T02:30:28.029288" level="INFO">Opening url 'http://127.0.0.1:5000'</msg>
<arg>${HOME_URL}</arg>
<doc>Navigates the current browser window to the provided ``url``.</doc>
<status status="PASS" start="2025-03-30T02:30:28.029005" elapsed="0.095856"/>
</kw>
<kw name="Page Should Contain" owner="SeleniumLibrary">
<msg time="2025-03-30T02:30:28.142702" level="INFO">Current page contains text 'Welcome to the AI Project Portfolio Visualization Tool. Describe your project idea or upload a PDF to get started.'.</msg>
<arg>Welcome to the AI Project Portfolio Visualization Tool. Describe your project idea or upload a PDF to get started.</arg>
<doc>Verifies that current page contains ``text``.</doc>
<status status="PASS" start="2025-03-30T02:30:28.125236" elapsed="0.017615"/>
</kw>
<status status="PASS" start="2025-03-30T02:30:26.851009" elapsed="1.292186"/>
</test>
<test id="s1-s1-s2-t3" name="User can see Visualization page" line="15">
<kw name="Open And Configure Browser" owner="resource">
<kw name="Get Chrome Driver" owner="webdriver_manager_keywords">
<msg time="2025-03-30T02:30:28.144609" level="INFO">====== WebDriver manager ======</msg>
<msg time="2025-03-30T02:30:28.223216" level="INFO">Get LATEST chromedriver version for google-chrome</msg>
<msg time="2025-03-30T02:30:28.338943" level="INFO">Get LATEST chromedriver version for google-chrome</msg>
<msg time="2025-03-30T02:30:28.437115" level="INFO">Driver [/home/kirruusa/.wdm/drivers/chromedriver/linux64/134.0.6998.165/chromedriver-linux64/chromedriver] found in cache</msg>
<msg time="2025-03-30T02:30:28.437555" level="INFO">${driver_path} = /home/kirruusa/.wdm/drivers/chromedriver/linux64/134.0.6998.165/chromedriver-linux64/chromedriver</msg>
<var>${driver_path}</var>
<status status="PASS" start="2025-03-30T02:30:28.144376" elapsed="0.293262"/>
</kw>
<kw name="Log" owner="BuiltIn">
<msg time="2025-03-30T02:30:28.438523" level="INFO">Using ChromeDriver at /home/kirruusa/.wdm/drivers/chromedriver/linux64/134.0.6998.165/chromedriver-linux64/chromedriver</msg>
<arg>Using ChromeDriver at ${driver_path}</arg>
<doc>Logs the given message with the given level.</doc>
<status status="PASS" start="2025-03-30T02:30:28.438042" elapsed="0.000607"/>
</kw>
<kw name="Open Browser" owner="SeleniumLibrary">
<msg time="2025-03-30T02:30:28.440145" level="WARN">exexcutable_path is being deprecated. Please use service to configure the driver's executable_path as per documentation.</msg>
<msg time="2025-03-30T02:30:28.440569" level="INFO">Opening browser 'chrome' to base url 'http://127.0.0.1:5000'.</msg>
<arg>${HOME_URL}</arg>
<arg>${BROWSER}</arg>
<arg>executable_path=${driver_path}</arg>
<doc>Opens a new browser instance to the optional ``url``.</doc>
<status status="PASS" start="2025-03-30T02:30:28.439004" elapsed="0.944743"/>
</kw>
<status status="PASS" start="2025-03-30T02:30:28.144044" elapsed="1.239947"/>
</kw>
<kw name="Go To" owner="SeleniumLibrary">
<msg time="2025-03-30T02:30:29.384964" level="INFO">Opening url 'http://127.0.0.1:5000'</msg>
<arg>${HOME_URL}</arg>
<doc>Navigates the current browser window to the provided ``url``.</doc>
<status status="PASS" start="2025-03-30T02:30:29.384369" elapsed="0.104246"/>
</kw>
<kw name="Click Element" owner="SeleniumLibrary">
<msg time="2025-03-30T02:30:29.489210" level="INFO">Clicking element '//a[text()='Visualization']'.</msg>
<arg>//a[text()='Visualization']</arg>
<doc>Click the element identified by ``locator``.</doc>
<status status="PASS" start="2025-03-30T02:30:29.488925" elapsed="0.288996"/>
</kw>
<kw name="Page Should Contain" owner="SeleniumLibrary">
<msg time="2025-03-30T02:30:29.795329" level="INFO">Current page contains text 'Visualization'.</msg>
<arg>Visualization</arg>
<doc>Verifies that current page contains ``text``.</doc>
<status status="PASS" start="2025-03-30T02:30:29.778346" elapsed="0.017232"/>
</kw>
<status status="PASS" start="2025-03-30T02:30:28.143521" elapsed="1.652628"/>
</test>
<test id="s1-s1-s2-t4" name="User can see My Projects page" line="21">
<kw name="Open And Configure Browser" owner="resource">
<kw name="Get Chrome Driver" owner="webdriver_manager_keywords">
<msg time="2025-03-30T02:30:29.797858" level="INFO">====== WebDriver manager ======</msg>
<msg time="2025-03-30T02:30:29.918932" level="INFO">Get LATEST chromedriver version for google-chrome</msg>
<msg time="2025-03-30T02:30:30.034040" level="INFO">Get LATEST chromedriver version for google-chrome</msg>
<msg time="2025-03-30T02:30:30.133959" level="INFO">Driver [/home/kirruusa/.wdm/drivers/chromedriver/linux64/134.0.6998.165/chromedriver-linux64/chromedriver] found in cache</msg>
<msg time="2025-03-30T02:30:30.134194" level="INFO">${driver_path} = /home/kirruusa/.wdm/drivers/chromedriver/linux64/134.0.6998.165/chromedriver-linux64/chromedriver</msg>
<var>${driver_path}</var>
<status status="PASS" start="2025-03-30T02:30:29.797595" elapsed="0.336636"/>
</kw>
<kw name="Log" owner="BuiltIn">
<msg time="2025-03-30T02:30:30.134717" level="INFO">Using ChromeDriver at /home/kirruusa/.wdm/drivers/chromedriver/linux64/134.0.6998.165/chromedriver-linux64/chromedriver</msg>
<arg>Using ChromeDriver at ${driver_path}</arg>
<doc>Logs the given message with the given level.</doc>
<status status="PASS" start="2025-03-30T02:30:30.134471" elapsed="0.000306"/>
</kw>
<kw name="Open Browser" owner="SeleniumLibrary">
<msg time="2025-03-30T02:30:30.135262" level="WARN">exexcutable_path is being deprecated. Please use service to configure the driver's executable_path as per documentation.</msg>
<msg time="2025-03-30T02:30:30.135415" level="INFO">Opening browser 'chrome' to base url 'http://127.0.0.1:5000'.</msg>
<arg>${HOME_URL}</arg>
<arg>${BROWSER}</arg>
<arg>executable_path=${driver_path}</arg>
<doc>Opens a new browser instance to the optional ``url``.</doc>
<status status="PASS" start="2025-03-30T02:30:30.134939" elapsed="1.935256"/>
</kw>
<status status="PASS" start="2025-03-30T02:30:29.797222" elapsed="2.273209"/>
</kw>
<kw name="Go To" owner="SeleniumLibrary">
<msg time="2025-03-30T02:30:32.071205" level="INFO">Opening url 'http://127.0.0.1:5000'</msg>
<arg>${HOME_URL}</arg>
<doc>Navigates the current browser window to the provided ``url``.</doc>
<status status="PASS" start="2025-03-30T02:30:32.070767" elapsed="0.121652"/>
</kw>
<kw name="Click Element" owner="SeleniumLibrary">
<msg time="2025-03-30T02:30:32.193086" level="INFO">Clicking element '//a[text()='Previous Projects']'.</msg>
<arg>//a[text()='Previous Projects']</arg>
<doc>Click the element identified by ``locator``.</doc>
<status status="PASS" start="2025-03-30T02:30:32.192811" elapsed="0.167085"/>
</kw>
<kw name="Page Should Contain" owner="SeleniumLibrary">
<msg time="2025-03-30T02:30:32.417895" level="INFO">Current page contains text 'Previous Projects'.</msg>
<arg>Previous Projects</arg>
<doc>Verifies that current page contains ``text``.</doc>
<status status="PASS" start="2025-03-30T02:30:32.360583" elapsed="0.057447"/>
</kw>
<status status="PASS" start="2025-03-30T02:30:29.796610" elapsed="2.621763"/>
</test>
<test id="s1-s1-s2-t5" name="User can go back to Home page" line="27">
<kw name="Open And Configure Browser" owner="resource">
<kw name="Get Chrome Driver" owner="webdriver_manager_keywords">
<msg time="2025-03-30T02:30:32.419691" level="INFO">====== WebDriver manager ======</msg>
<msg time="2025-03-30T02:30:32.519216" level="INFO">Get LATEST chromedriver version for google-chrome</msg>
<msg time="2025-03-30T02:30:32.711700" level="INFO">Get LATEST chromedriver version for google-chrome</msg>
<msg time="2025-03-30T02:30:32.898398" level="INFO">Driver [/home/kirruusa/.wdm/drivers/chromedriver/linux64/134.0.6998.165/chromedriver-linux64/chromedriver] found in cache</msg>
<msg time="2025-03-30T02:30:32.898674" level="INFO">${driver_path} = /home/kirruusa/.wdm/drivers/chromedriver/linux64/134.0.6998.165/chromedriver-linux64/chromedriver</msg>
<var>${driver_path}</var>
<status status="PASS" start="2025-03-30T02:30:32.419473" elapsed="0.479237"/>
</kw>
<kw name="Log" owner="BuiltIn">
<msg time="2025-03-30T02:30:32.899155" level="INFO">Using ChromeDriver at /home/kirruusa/.wdm/drivers/chromedriver/linux64/134.0.6998.165/chromedriver-linux64/chromedriver</msg>
<arg>Using ChromeDriver at ${driver_path}</arg>
<doc>Logs the given message with the given level.</doc>
<status status="PASS" start="2025-03-30T02:30:32.898917" elapsed="0.000297"/>
</kw>
<kw name="Open Browser" owner="SeleniumLibrary">
<msg time="2025-03-30T02:30:32.899746" level="WARN">exexcutable_path is being deprecated. Please use service to configure the driver's executable_path as per documentation.</msg>
<msg time="2025-03-30T02:30:32.899877" level="INFO">Opening browser 'chrome' to base url 'http://127.0.0.1:5000'.</msg>
<arg>${HOME_URL}</arg>
<arg>${BROWSER}</arg>
<arg>executable_path=${driver_path}</arg>
<doc>Opens a new browser instance to the optional ``url``.</doc>
<status status="PASS" start="2025-03-30T02:30:32.899366" elapsed="1.552045"/>
</kw>
<status status="PASS" start="2025-03-30T02:30:32.419154" elapsed="2.032542"/>
</kw>
<kw name="Go To" owner="SeleniumLibrary">
<msg time="2025-03-30T02:30:34.452490" level="INFO">Opening url 'http://127.0.0.1:5000'</msg>
<arg>${HOME_URL}</arg>
<doc>Navigates the current browser window to the provided ``url``.</doc>
<status status="PASS" start="2025-03-30T02:30:34.452041" elapsed="0.129278"/>
</kw>
<kw name="Click Element" owner="SeleniumLibrary">
<msg time="2025-03-30T02:30:34.582089" level="INFO">Clicking element '//a[text()='Previous Projects']'.</msg>
<arg>//a[text()='Previous Projects']</arg>
<doc>Click the element identified by ``locator``.</doc>
<status status="PASS" start="2025-03-30T02:30:34.581713" elapsed="0.202193"/>
</kw>
<kw name="Page Should Contain" owner="SeleniumLibrary">
<msg time="2025-03-30T02:30:34.862440" level="INFO">Current page contains text 'Previous Projects'.</msg>
<arg>Previous Projects</arg>
<doc>Verifies that current page contains ``text``.</doc>
<status status="PASS" start="2025-03-30T02:30:34.784287" elapsed="0.078331"/>
</kw>
<kw name="Click Element" owner="SeleniumLibrary">
<msg time="2025-03-30T02:30:34.863244" level="INFO">Clicking element '//a[text()='Home']'.</msg>
<arg>//a[text()='Home']</arg>
<doc>Click the element identified by ``locator``.</doc>
<status status="PASS" start="2025-03-30T02:30:34.862948" elapsed="0.163502"/>
</kw>
<kw name="Page Should Contain" owner="SeleniumLibrary">
<msg time="2025-03-30T02:30:35.046816" level="INFO">Current page contains text 'AI Project Portfolio Visualization Tool'.</msg>
<arg>AI Project Portfolio Visualization Tool</arg>
<doc>Verifies that current page contains ``text``.</doc>
<status status="PASS" start="2025-03-30T02:30:35.026927" elapsed="0.020158"/>
</kw>
<kw name="Close Browser" owner="resource">
<kw name="Close All Browsers" owner="SeleniumLibrary">
<doc>Closes all open browsers and resets the browser cache.</doc>
<status status="PASS" start="2025-03-30T02:30:35.048247" elapsed="0.427910"/>
</kw>
<status status="PASS" start="2025-03-30T02:30:35.047640" elapsed="0.428876"/>
</kw>
<status status="PASS" start="2025-03-30T02:30:32.418690" elapsed="3.058252"/>
</test>
<status status="PASS" start="2025-03-30T02:30:25.524277" elapsed="9.953283"/>
</suite>
<status status="PASS" start="2025-03-30T02:30:18.710395" elapsed="16.768241"/>
</suite>
<status status="PASS" start="2025-03-30T02:30:18.691768" elapsed="16.787989"/>
</suite>
<statistics>
<total>
<stat pass="6" fail="0" skip="0">All Tests</stat>
</total>
<tag>
</tag>
<suite>
<stat name="Tests" id="s1" pass="6" fail="0" skip="0">Tests</stat>
<stat name="Robot" id="s1-s1" pass="6" fail="0" skip="0">Tests.Robot</stat>
<stat name="Inputs" id="s1-s1-s1" pass="1" fail="0" skip="0">Tests.Robot.Inputs</stat>
<stat name="Pages" id="s1-s1-s2" pass="5" fail="0" skip="0">Tests.Robot.Pages</stat>
</suite>
</statistics>
<errors>
<msg time="2025-03-30T02:30:19.250922" level="WARN">exexcutable_path is being deprecated. Please use service to configure the driver's executable_path as per documentation.</msg>
<msg time="2025-03-30T02:30:25.841672" level="WARN">exexcutable_path is being deprecated. Please use service to configure the driver's executable_path as per documentation.</msg>
<msg time="2025-03-30T02:30:27.090027" level="WARN">exexcutable_path is being deprecated. Please use service to configure the driver's executable_path as per documentation.</msg>
<msg time="2025-03-30T02:30:28.440145" level="WARN">exexcutable_path is being deprecated. Please use service to configure the driver's executable_path as per documentation.</msg>
<msg time="2025-03-30T02:30:30.135262" level="WARN">exexcutable_path is being deprecated. Please use service to configure the driver's executable_path as per documentation.</msg>
<msg time="2025-03-30T02:30:32.899746" level="WARN">exexcutable_path is being deprecated. Please use service to configure the driver's executable_path as per documentation.</msg>
</errors>
</robot>
